# JRE version: OpenJDK Runtime Environment Temurin-17.0.6+10 (17.0.6+10) (build 17.0.6+10)
# Java VM: OpenJDK 64-Bit Server VM Temurin-17.0.6+10 (17.0.6+10, mixed mode, emulated-client, tiered, compressed oops, compressed class ptrs, g1 gc, windows-amd64)
GC Precious Log:
 CPUs: 8 total, 8 available
 Memory: 6061M
 Large Page Support: Disabled
 NUMA Support: Disabled
 Compressed Oops: Enabled (32-bit)
 Heap Region Size: 1M
 Heap Min Capacity: 8M
 Heap Initial Capacity: 96M
 Heap Max Capacity: 1516M
 Pre-touch: Disabled
 Parallel Workers: 8
 Concurrent Workers: 2
 Concurrent Refinement Workers: 8
 Periodic GC: Disabled
Heap:
 garbage-first heap   total 71680K, used 49460K [0x00000000a1400000, 0x0000000100000000)
  region size 1024K, 4 young (4096K), 2 survivors (2048K)
 Metaspace       used 69422K, committed 70016K, reserved 1114112K
  class space    used 9647K, committed 9920K, reserved 1048576K
GC Heap History (20 events):
Event: 5.400 GC heap before
{Heap before GC invocations=12 (full 0):
 garbage-first heap   total 45056K, used 33472K [0x00000000a1400000, 0x0000000100000000)
  region size 1024K, 18 young (18432K), 3 survivors (3072K)
 Metaspace       used 37745K, committed 38208K, reserved 1089536K
  class space    used 4852K, committed 5056K, reserved 1048576K
}
Event: 5.405 GC heap after
{Heap after GC invocations=13 (full 0):
 garbage-first heap   total 45056K, used 20712K [0x00000000a1400000, 0x0000000100000000)
  region size 1024K, 3 young (3072K), 3 survivors (3072K)
 Metaspace       used 37745K, committed 38208K, reserved 1089536K
  class space    used 4852K, committed 5056K, reserved 1048576K
}
Event: 5.929 GC heap before
{Heap before GC invocations=13 (full 0):
 garbage-first heap   total 45056K, used 35048K [0x00000000a1400000, 0x0000000100000000)
  region size 1024K, 17 young (17408K), 3 survivors (3072K)
 Metaspace       used 39670K, committed 40192K, reserved 1089536K
  class space    used 5136K, committed 5376K, reserved 1048576K
}
Event: 5.933 GC heap after
{Heap after GC invocations=14 (full 0):
 garbage-first heap   total 71680K, used 21853K [0x00000000a1400000, 0x0000000100000000)
  region size 1024K, 3 young (3072K), 3 survivors (3072K)
 Metaspace       used 39670K, committed 40192K, reserved 1089536K
  class space    used 5136K, committed 5376K, reserved 1048576K
}
Event: 7.045 GC heap before
{Heap before GC invocations=14 (full 0):
 garbage-first heap   total 71680K, used 55645K [0x00000000a1400000, 0x0000000100000000)
  region size 1024K, 36 young (36864K), 3 survivors (3072K)
 Metaspace       used 47658K, committed 48192K, reserved 1097728K
  class space    used 6294K, committed 6528K, reserved 1048576K
}
Event: 7.050 GC heap after
{Heap after GC invocations=15 (full 0):
 garbage-first heap   total 71680K, used 23568K [0x00000000a1400000, 0x0000000100000000)
  region size 1024K, 5 young (5120K), 5 survivors (5120K)
 Metaspace       used 47658K, committed 48192K, reserved 1097728K
  class space    used 6294K, committed 6528K, reserved 1048576K
}
Event: 8.209 GC heap before
{Heap before GC invocations=15 (full 0):
 garbage-first heap   total 71680K, used 56336K [0x00000000a1400000, 0x0000000100000000)
  region size 1024K, 37 young (37888K), 5 survivors (5120K)
 Metaspace       used 55191K, committed 55744K, reserved 1097728K
  class space    used 7276K, committed 7552K, reserved 1048576K
}
Event: 8.214 GC heap after
{Heap after GC invocations=16 (full 0):
 garbage-first heap   total 71680K, used 26024K [0x00000000a1400000, 0x0000000100000000)
  region size 1024K, 5 young (5120K), 5 survivors (5120K)
 Metaspace       used 55191K, committed 55744K, reserved 1097728K
  class space    used 7276K, committed 7552K, reserved 1048576K
}
Event: 8.683 GC heap before
{Heap before GC invocations=16 (full 0):
 garbage-first heap   total 71680K, used 41384K [0x00000000a1400000, 0x0000000100000000)
  region size 1024K, 21 young (21504K), 5 survivors (5120K)
 Metaspace       used 59912K, committed 60416K, reserved 1105920K
  class space    used 8069K, committed 8320K, reserved 1048576K
}
Event: 8.688 GC heap after
{Heap after GC invocations=17 (full 0):
 garbage-first heap   total 71680K, used 27001K [0x00000000a1400000, 0x0000000100000000)
  region size 1024K, 4 young (4096K), 4 survivors (4096K)
 Metaspace       used 59912K, committed 60416K, reserved 1105920K
  class space    used 8069K, committed 8320K, reserved 1048576K
}
Event: 9.439 GC heap before
{Heap before GC invocations=18 (full 0):
 garbage-first heap   total 71680K, used 57721K [0x00000000a1400000, 0x0000000100000000)
  region size 1024K, 34 young (34816K), 4 survivors (4096K)
 Metaspace       used 64851K, committed 65408K, reserved 1105920K
  class space    used 8870K, committed 9152K, reserved 1048576K
}
Event: 9.444 GC heap after
{Heap after GC invocations=19 (full 0):
 garbage-first heap   total 71680K, used 28643K [0x00000000a1400000, 0x0000000100000000)
  region size 1024K, 3 young (3072K), 3 survivors (3072K)
 Metaspace       used 64851K, committed 65408K, reserved 1105920K
  class space    used 8870K, committed 9152K, reserved 1048576K
}
Event: 10.138 GC heap before
{Heap before GC invocations=19 (full 0):
 garbage-first heap   total 71680K, used 57315K [0x00000000a1400000, 0x0000000100000000)
  region size 1024K, 31 young (31744K), 3 survivors (3072K)
 Metaspace       used 69387K, committed 69952K, reserved 1114112K
  class space    used 9640K, committed 9920K, reserved 1048576K
}
Event: 10.143 GC heap after
{Heap after GC invocations=20 (full 0):
 garbage-first heap   total 71680K, used 30529K [0x00000000a1400000, 0x0000000100000000)
  region size 1024K, 4 young (4096K), 4 survivors (4096K)
 Metaspace       used 69387K, committed 69952K, reserved 1114112K
  class space    used 9640K, committed 9920K, reserved 1048576K
}
Event: 10.248 GC heap before
{Heap before GC invocations=20 (full 0):
 garbage-first heap   total 71680K, used 57153K [0x00000000a1400000, 0x0000000100000000)
  region size 1024K, 30 young (30720K), 4 survivors (4096K)
 Metaspace       used 69422K, committed 70016K, reserved 1114112K
  class space    used 9647K, committed 9920K, reserved 1048576K
}
Event: 10.257 GC heap after
{Heap after GC invocations=21 (full 0):
 garbage-first heap   total 71680K, used 38716K [0x00000000a1400000, 0x0000000100000000)
  region size 1024K, 4 young (4096K), 4 survivors (4096K)
 Metaspace       used 69422K, committed 70016K, reserved 1114112K
  class space    used 9647K, committed 9920K, reserved 1048576K
}
Event: 10.329 GC heap before
{Heap before GC invocations=21 (full 0):
 garbage-first heap   total 71680K, used 53052K [0x00000000a1400000, 0x0000000100000000)
  region size 1024K, 19 young (19456K), 4 survivors (4096K)
 Metaspace       used 69422K, committed 70016K, reserved 1114112K
  class space    used 9647K, committed 9920K, reserved 1048576K
}
Event: 10.338 GC heap after
{Heap after GC invocations=22 (full 0):
 garbage-first heap   total 71680K, used 44590K [0x00000000a1400000, 0x0000000100000000)
  region size 1024K, 3 young (3072K), 3 survivors (3072K)
 Metaspace       used 69422K, committed 70016K, reserved 1114112K
  class space    used 9647K, committed 9920K, reserved 1048576K
}
Event: 10.381 GC heap before
{Heap before GC invocations=22 (full 0):
 garbage-first heap   total 71680K, used 54830K [0x00000000a1400000, 0x0000000100000000)
  region size 1024K, 13 young (13312K), 3 survivors (3072K)
 Metaspace       used 69422K, committed 70016K, reserved 1114112K
  class space    used 9647K, committed 9920K, reserved 1048576K
}
Event: 10.387 GC heap after
{Heap after GC invocations=23 (full 0):
 garbage-first heap   total 71680K, used 48436K [0x00000000a1400000, 0x0000000100000000)
  region size 1024K, 2 young (2048K), 2 survivors (2048K)
 Metaspace       used 69422K, committed 70016K, reserved 1114112K
  class space    used 9647K, committed 9920K, reserved 1048576K
}

